Build started 27.04.2015 0:18:53.
     1>Project "C:\Users\Enko\Desktop\Programming\CPPWorkSpace\CSharpClasses\CSharpClasses\CSharpClasses.vcxproj" on node 2 (Build target(s)).
     1>InitializeBuildStatus:
         Touching "Debug\CSharpClasses.tlog\unsuccessfulbuild".
       ClCompile:
         C:\Program Files (x86)\Microsoft Visual Studio 12.0\VC\bin\CL.exe /c /ZI /nologo /W3 /WX- /sdl /Od /Oy- /D WIN32 /D _DEBUG /D _CONSOLE /D _LIB /D _UNICODE /D UNICODE /Gm /EHsc /RTC1 /MDd /GS /fp:precise /Zc:wchar_t /Zc:forScope /Fo"Debug\\" /Fd"Debug\vc120.pdb" /Gd /TP /analyze- /errorReport:prompt CSharpClasses.cpp MyClass.cpp MyField.cpp MyLexeme.cpp MyMethod.cpp MyNamespace.cpp MyParameter.cpp MyProperty.cpp
         CSharpClasses.cpp
         Generating Code...
         Compiling...
         MyProperty.cpp
         MyParameter.cpp
         MyNamespace.cpp
         MyMethod.cpp
         MyLexeme.cpp
         MyField.cpp
         MyClass.cpp
         Generating Code...
       Link:
         C:\Program Files (x86)\Microsoft Visual Studio 12.0\VC\bin\link.exe /ERRORREPORT:PROMPT /OUT:"C:\Users\Enko\Desktop\Programming\CPPWorkSpace\CSharpClasses\Debug\CSharpClasses.exe" /INCREMENTAL /NOLOGO kernel32.lib user32.lib gdi32.lib winspool.lib comdlg32.lib advapi32.lib shell32.lib ole32.lib oleaut32.lib uuid.lib odbc32.lib odbccp32.lib /MANIFEST /MANIFESTUAC:"level='asInvoker' uiAccess='false'" /manifest:embed /DEBUG /PDB:"C:\Users\Enko\Desktop\Programming\CPPWorkSpace\CSharpClasses\Debug\CSharpClasses.pdb" /SUBSYSTEM:CONSOLE /TLBID:1 /DYNAMICBASE /NXCOMPAT /IMPLIB:"C:\Users\Enko\Desktop\Programming\CPPWorkSpace\CSharpClasses\Debug\CSharpClasses.lib" /MACHINE:X86 Debug\CSharpClasses.obj
         Debug\MyClass.obj
         Debug\MyField.obj
         Debug\MyLexeme.obj
         Debug\MyMethod.obj
         Debug\MyNamespace.obj
         Debug\MyParameter.obj
         Debug\MyProperty.obj
         CSharpClasses.vcxproj -> C:\Users\Enko\Desktop\Programming\CPPWorkSpace\CSharpClasses\Debug\CSharpClasses.exe
       FinalizeBuildStatus:
         Deleting file "Debug\CSharpClasses.tlog\unsuccessfulbuild".
         Touching "Debug\CSharpClasses.tlog\CSharpClasses.lastbuildstate".
     1>Done Building Project "C:\Users\Enko\Desktop\Programming\CPPWorkSpace\CSharpClasses\CSharpClasses\CSharpClasses.vcxproj" (Build target(s)).

Build succeeded.

Time Elapsed 00:00:05.63
